[I 2025-04-22 16:49:45,638] Trial 83 finished with value: 0.02537023510564776 and parameters: {'lstm_layers': 3, 'lstm_hidden': 118, 'n_fc': 2, 'fc_hidden_0': 56, 'fc_hidden_1': 72, 'lr': 0.0007409816482792184}. Best is trial 56 with value: 0.02241200777318548.
[I 2025-04-22 16:52:46,990] Trial 84 finished with value: 0.028874113454538233 and parameters: {'lstm_layers': 3, 'lstm_hidden': 104, 'n_fc': 2, 'fc_hidden_0': 61, 'fc_hidden_1': 52, 'lr': 0.00019793330442227912}. Best is trial 56 with value: 0.02241200777318548.
[I 2025-04-22 16:55:57,427] Trial 85 finished with value: 0.02624970930902397 and parameters: {'lstm_layers': 3, 'lstm_hidden': 115, 'n_fc': 2, 'fc_hidden_0': 49, 'fc_hidden_1': 81, 'lr': 0.0003434912139899127}. Best is trial 56 with value: 0.02241200777318548.
[I 2025-04-22 16:59:29,028] Trial 86 finished with value: 0.027420383735614666 and parameters: {'lstm_layers': 3, 'lstm_hidden': 121, 'n_fc': 4, 'fc_hidden_0': 53, 'fc_hidden_1': 92, 'fc_hidden_2': 110, 'fc_hidden_3': 126, 'lr': 0.0005135546545776013}. Best is trial 56 with value: 0.02241200777318548.
[I 2025-04-22 17:02:12,469] Trial 87 finished with value: 0.029764097797520022 and parameters: {'lstm_layers': 3, 'lstm_hidden': 96, 'n_fc': 2, 'fc_hidden_0': 75, 'fc_hidden_1': 64, 'lr': 0.00028302809913838105}. Best is trial 56 with value: 0.02241200777318548.
[I 2025-04-22 17:04:44,163] Trial 88 finished with value: 0.04364003512789221 and parameters: {'lstm_layers': 3, 'lstm_hidden': 28, 'n_fc': 2, 'fc_hidden_0': 66, 'fc_hidden_1': 68, 'lr': 0.00016588588771784116}. Best is trial 56 with value: 0.02241200777318548.
[I 2025-04-22 17:07:50,553] Trial 89 finished with value: 0.02532378835055758 and parameters: {'lstm_layers': 3, 'lstm_hidden': 126, 'n_fc': 1, 'fc_hidden_0': 45, 'lr': 0.001191396894167319}. Best is trial 56 with value: 0.02241200777318548.
[I 2025-04-22 17:10:52,953] Trial 90 finished with value: 0.025026463541914436 and parameters: {'lstm_layers': 3, 'lstm_hidden': 111, 'n_fc': 2, 'fc_hidden_0': 16, 'fc_hidden_1': 97, 'lr': 0.00039196596810213945}. Best is trial 56 with value: 0.02241200777318548.
[I 2025-04-22 17:14:03,826] Trial 91 finished with value: 0.02630553466870504 and parameters: {'lstm_layers': 3, 'lstm_hidden': 118, 'n_fc': 2, 'fc_hidden_0': 52, 'fc_hidden_1': 85, 'lr': 0.0004952661908498562}. Best is trial 56 with value: 0.02241200777318548.
[I 2025-04-22 17:17:13,963] Trial 92 finished with value: 0.0253068624283461 and parameters: {'lstm_layers': 3, 'lstm_hidden': 118, 'n_fc': 2, 'fc_hidden_0': 59, 'fc_hidden_1': 76, 'lr': 0.0006378908564308366}. Best is trial 56 with value: 0.02241200777318548.
[I 2025-04-22 17:20:17,544] Trial 93 finished with value: 0.022511007987401063 and parameters: {'lstm_layers': 3, 'lstm_hidden': 107, 'n_fc': 2, 'fc_hidden_0': 56, 'fc_hidden_1': 82, 'lr': 0.0007529100117857649}. Best is trial 56 with value: 0.02241200777318548.
[I 2025-04-22 17:23:15,136] Trial 94 finished with value: 0.02671270992826013 and parameters: {'lstm_layers': 3, 'lstm_hidden': 100, 'n_fc': 2, 'fc_hidden_0': 42, 'fc_hidden_1': 61, 'lr': 0.0008179688915557615}. Best is trial 56 with value: 0.02241200777318548.
[I 2025-04-22 17:26:22,237] Trial 95 finished with value: 0.05098382550127366 and parameters: {'lstm_layers': 3, 'lstm_hidden': 109, 'n_fc': 2, 'fc_hidden_0': 63, 'fc_hidden_1': 80, 'lr': 0.01957612016695345}. Best is trial 56 with value: 0.02241200777318548.
[I 2025-04-22 17:29:13,209] Trial 96 finished with value: 0.025857968661276733 and parameters: {'lstm_layers': 3, 'lstm_hidden': 108, 'n_fc': 1, 'fc_hidden_0': 57, 'lr': 0.0009180817726229944}. Best is trial 56 with value: 0.02241200777318548.
[I 2025-04-22 17:32:27,166] Trial 97 finished with value: 0.027540461587555267 and parameters: {'lstm_layers': 3, 'lstm_hidden': 105, 'n_fc': 3, 'fc_hidden_0': 71, 'fc_hidden_1': 73, 'fc_hidden_2': 10, 'lr': 0.0005875227310902472}. Best is trial 56 with value: 0.02241200777318548.
[I 2025-04-22 17:34:53,384] Trial 98 finished with value: 0.03159250790143714 and parameters: {'lstm_layers': 2, 'lstm_hidden': 50, 'n_fc': 2, 'fc_hidden_0': 34, 'fc_hidden_1': 67, 'lr': 0.0007500969809057764}. Best is trial 56 with value: 0.02241200777318548.
[I 2025-04-22 17:38:24,473] Trial 99 finished with value: 0.029414503583136728 and parameters: {'lstm_layers': 4, 'lstm_hidden': 113, 'n_fc': 2, 'fc_hidden_0': 55, 'fc_hidden_1': 89, 'lr': 0.001417844620578385}. Best is trial 56 with value: 0.02241200777318548.
Best trial:
{'lstm_layers': 4, 'lstm_hidden': 103, 'n_fc': 3, 'fc_hidden_0': 43, 'fc_hidden_1': 72, 'fc_hidden_2': 88, 'lr': 0.0006894885975075375}
Shape of the targets and predictions:
(5400, 3) (5400, 3)

Process finished with exit code 0
